<?xml version="1.0" encoding="UTF-8"?>
<testsuite xmlns:xsi="http://www.w3.org/2001/XMLSchema-instance" xsi:noNamespaceSchemaLocation="https://maven.apache.org/surefire/maven-surefire-plugin/xsd/surefire-test-report.xsd" name="test.java.jukebox.JukeboxApplicationTest" time="6.025" tests="6" errors="0" skipped="0" failures="0">
  <properties>
[...]
</properties>
  <testcase name="validGetRequestWithSettingIdShouldReturnAllValidJukebox" classname="test.java.jukebox.JukeboxApplicationTest" time="1.83"/>
  <testcase name="validGetRequestWithModelFilterShouldReturnAllValidJukebox" classname="test.java.jukebox.JukeboxApplicationTest" time="0.361"/>
  <testcase name="settingIdNotFoundShouldThrowError" classname="test.java.jukebox.JukeboxApplicationTest" time="0.008"/>
  <testcase name="NoJukeboxSatisfiesRequiredSettingsShouldThrowError" classname="test.java.jukebox.JukeboxApplicationTest" time="0.003"/>
  <testcase name="contextLoads" classname="test.java.jukebox.JukeboxApplicationTest" time="0.002"/>
  <testcase name="validGetRequestWithPaginationShouldReturnAllValidJukebox" classname="test.java.jukebox.JukeboxApplicationTest" time="0.372"/>
</testsuite>